<?xml version="1.0" encoding="UTF-8"?>
<!-- Generated by org.testng.reporters.JUnitReportReporter -->
<testsuite hostname="DESKTOP-MR812K6" failures="0" tests="1" name="testcases.TC_001accountregister" time="2.067" errors="0" timestamp="2025-04-30T12:28:49 IST" skipped="0">
  <testcase classname="testcases.TC_001accountregister" name="verifyaccountpage" time="2.067"/>
  <system-out/>
</testsuite> <!-- testcases.TC_001accountregister -->
