<?xml version="1.0" encoding="UTF-8"?>
<!-- Generated by org.testng.reporters.JUnitReportReporter -->
<testsuite hostname="DESKTOP-MR812K6" failures="0" tests="1" name="testcases.TC_002login" time="2.599" errors="0" timestamp="2025-04-30T12:28:49 IST" skipped="0">
  <testcase classname="testcases.TC_002login" name="accountlogin" time="2.599"/>
  <system-out/>
</testsuite> <!-- testcases.TC_002login -->
